Copyright 1986-2019 Xilinx, Inc. All Rights Reserved.
------------------------------------------------------------------------------------------------------------------------
| Tool Version : Vivado v.2019.1 (lin64) Build 2552052 Fri May 24 14:47:09 MDT 2019
| Date         : Sat Mar 19 20:36:49 2022
| Host         : Popsicle running 64-bit Zorin OS 16.1
| Command      : report_drc -file BCDDisplay_drc_routed.rpt -pb BCDDisplay_drc_routed.pb -rpx BCDDisplay_drc_routed.rpx
| Design       : BCDDisplay
| Device       : xc7a35ticpg236-1L
| Speed File   : -1L
| Design State : Fully Routed
------------------------------------------------------------------------------------------------------------------------

Report DRC

Table of Contents
-----------------
1. REPORT SUMMARY
2. REPORT DETAILS

1. REPORT SUMMARY
-----------------
            Netlist: netlist
          Floorplan: design_1
      Design limits: <entire design considered>
           Ruledeck: default
             Max violations: <unlimited>
             Violations found: 8
+----------+------------------+-----------------------------------------------------+------------+
| Rule     | Severity         | Description                                         | Violations |
+----------+------------------+-----------------------------------------------------+------------+
| LUTLP-1  | Critical Warning | Combinatorial Loop Alert                            | 7          |
| CFGBVS-1 | Warning          | Missing CFGBVS and CONFIG_VOLTAGE Design Properties | 1          |
+----------+------------------+-----------------------------------------------------+------------+

2. REPORT DETAILS
-----------------
LUTLP-1#1 Critical Warning
Combinatorial Loop Alert  
1 LUT cells form a combinatorial loop. This can create a race condition. Timing analysis may not be accurate. The preferred resolution is to modify the design to remove combinatorial logic loops. If the loop is known and understood, this DRC can be bypassed by acknowledging the condition and setting the following XDC constraint on any one of the nets in the loop: 'set_property ALLOW_COMBINATORIAL_LOOPS TRUE [get_nets <myHier/myNet>]'. One net in the loop is Display_OBUF[6]_inst_i_32_n_0. Please evaluate your design. The cells in the loop are: Display_OBUF[6]_inst_i_32.
Related violations: <none>

LUTLP-1#2 Critical Warning
Combinatorial Loop Alert  
1 LUT cells form a combinatorial loop. This can create a race condition. Timing analysis may not be accurate. The preferred resolution is to modify the design to remove combinatorial logic loops. If the loop is known and understood, this DRC can be bypassed by acknowledging the condition and setting the following XDC constraint on any one of the nets in the loop: 'set_property ALLOW_COMBINATORIAL_LOOPS TRUE [get_nets <myHier/myNet>]'. One net in the loop is Display_OBUF[6]_inst_i_33_n_0. Please evaluate your design. The cells in the loop are: Display_OBUF[6]_inst_i_33.
Related violations: <none>

LUTLP-1#3 Critical Warning
Combinatorial Loop Alert  
1 LUT cells form a combinatorial loop. This can create a race condition. Timing analysis may not be accurate. The preferred resolution is to modify the design to remove combinatorial logic loops. If the loop is known and understood, this DRC can be bypassed by acknowledging the condition and setting the following XDC constraint on any one of the nets in the loop: 'set_property ALLOW_COMBINATORIAL_LOOPS TRUE [get_nets <myHier/myNet>]'. One net in the loop is Display_OBUF[6]_inst_i_41_n_0. Please evaluate your design. The cells in the loop are: Display_OBUF[6]_inst_i_41.
Related violations: <none>

LUTLP-1#4 Critical Warning
Combinatorial Loop Alert  
41 LUT cells form a combinatorial loop. This can create a race condition. Timing analysis may not be accurate. The preferred resolution is to modify the design to remove combinatorial logic loops. If the loop is known and understood, this DRC can be bypassed by acknowledging the condition and setting the following XDC constraint on any one of the nets in the loop: 'set_property ALLOW_COMBINATORIAL_LOOPS TRUE [get_nets <myHier/myNet>]'. One net in the loop is Display_OBUF[6]_inst_i_107_n_0. Please evaluate your design. The cells in the loop are: Display_OBUF[6]_inst_i_8, Display_OBUF[6]_inst_i_13, Display_OBUF[6]_inst_i_20, Display_OBUF[6]_inst_i_24, Display_OBUF[6]_inst_i_25, Display_OBUF[6]_inst_i_27, Display_OBUF[6]_inst_i_28, Display_OBUF[6]_inst_i_30, Display_OBUF[6]_inst_i_31, Display_OBUF[6]_inst_i_40, Display_OBUF[6]_inst_i_55, Display_OBUF[6]_inst_i_56, Display_OBUF[6]_inst_i_58, Display_OBUF[6]_inst_i_59, Display_OBUF[6]_inst_i_68 (the first 15 of 41 listed).
Related violations: <none>

LUTLP-1#5 Critical Warning
Combinatorial Loop Alert  
51 LUT cells form a combinatorial loop. This can create a race condition. Timing analysis may not be accurate. The preferred resolution is to modify the design to remove combinatorial logic loops. If the loop is known and understood, this DRC can be bypassed by acknowledging the condition and setting the following XDC constraint on any one of the nets in the loop: 'set_property ALLOW_COMBINATORIAL_LOOPS TRUE [get_nets <myHier/myNet>]'. One net in the loop is Display_OBUF[6]_inst_i_100_n_0. Please evaluate your design. The cells in the loop are: Display_OBUF[6]_inst_i_12, Display_OBUF[6]_inst_i_19, Display_OBUF[6]_inst_i_36, Display_OBUF[6]_inst_i_37, Display_OBUF[6]_inst_i_38, Display_OBUF[6]_inst_i_49, Display_OBUF[6]_inst_i_50, Display_OBUF[6]_inst_i_51, Display_OBUF[6]_inst_i_52, Display_OBUF[6]_inst_i_54, Display_OBUF[6]_inst_i_61, Display_OBUF[6]_inst_i_63, Display_OBUF[6]_inst_i_64, Display_OBUF[6]_inst_i_65, Display_OBUF[6]_inst_i_67 (the first 15 of 51 listed).
Related violations: <none>

LUTLP-1#6 Critical Warning
Combinatorial Loop Alert  
55 LUT cells form a combinatorial loop. This can create a race condition. Timing analysis may not be accurate. The preferred resolution is to modify the design to remove combinatorial logic loops. If the loop is known and understood, this DRC can be bypassed by acknowledging the condition and setting the following XDC constraint on any one of the nets in the loop: 'set_property ALLOW_COMBINATORIAL_LOOPS TRUE [get_nets <myHier/myNet>]'. One net in the loop is Display_OBUF[6]_inst_i_101_n_0. Please evaluate your design. The cells in the loop are: Display_OBUF[6]_inst_i_15, Display_OBUF[6]_inst_i_21, Display_OBUF[6]_inst_i_42, Display_OBUF[6]_inst_i_43, Display_OBUF[6]_inst_i_45, Display_OBUF[6]_inst_i_46, Display_OBUF[6]_inst_i_47, Display_OBUF[6]_inst_i_48, Display_OBUF[6]_inst_i_74, Display_OBUF[6]_inst_i_75, Display_OBUF[6]_inst_i_77, Display_OBUF[6]_inst_i_79, Display_OBUF[6]_inst_i_80, Display_OBUF[6]_inst_i_82, Display_OBUF[6]_inst_i_89 (the first 15 of 55 listed).
Related violations: <none>

LUTLP-1#7 Critical Warning
Combinatorial Loop Alert  
6 LUT cells form a combinatorial loop. This can create a race condition. Timing analysis may not be accurate. The preferred resolution is to modify the design to remove combinatorial logic loops. If the loop is known and understood, this DRC can be bypassed by acknowledging the condition and setting the following XDC constraint on any one of the nets in the loop: 'set_property ALLOW_COMBINATORIAL_LOOPS TRUE [get_nets <myHier/myNet>]'. One net in the loop is Display_OBUF[6]_inst_i_14_n_0. Please evaluate your design. The cells in the loop are: Display_OBUF[6]_inst_i_14, Display_OBUF[6]_inst_i_18, Display_OBUF[6]_inst_i_32, Display_OBUF[6]_inst_i_33, Display_OBUF[6]_inst_i_41, Display_OBUF[6]_inst_i_71.
Related violations: <none>

CFGBVS-1#1 Warning
Missing CFGBVS and CONFIG_VOLTAGE Design Properties  
Neither the CFGBVS nor CONFIG_VOLTAGE voltage property is set in the current_design.  Configuration bank voltage select (CFGBVS) must be set to VCCO or GND, and CONFIG_VOLTAGE must be set to the correct configuration voltage, in order to determine the I/O voltage support for the pins in bank 0.  It is suggested to specify these either using the 'Edit Device Properties' function in the GUI or directly in the XDC file using the following syntax:

 set_property CFGBVS value1 [current_design]
 #where value1 is either VCCO or GND

 set_property CONFIG_VOLTAGE value2 [current_design]
 #where value2 is the voltage provided to configuration bank 0

Refer to the device configuration user guide for more information.
Related violations: <none>


